<?xml version="1.0" encoding="UTF-8"?>
<!-- Generated by org.testng.reporters.JUnitReportReporter -->
<testsuite hostname="LAPTOP-F71TJG8P" failures="0" tests="1" name="Tests.ThreeTest" time="10.294" errors="0" timestamp="2022-09-01T16:30:49 IST" skipped="0">
  <testcase classname="Tests.ThreeTest" name="testThree" time="10.294"/>
  <system-out/>
</testsuite> <!-- Tests.ThreeTest -->
