<?xml version="1.0" encoding="UTF-8"?>
<!-- Generated by org.testng.reporters.JUnitReportReporter -->
<testsuite hostname="LAPTOP-F71TJG8P" failures="0" tests="1" name="Tests.TwoTest" time="8.446" errors="0" timestamp="2022-09-01T16:30:49 IST" skipped="0">
  <testcase classname="Tests.TwoTest" name="testTwo" time="8.446"/>
  <system-out/>
</testsuite> <!-- Tests.TwoTest -->
