<?xml version="1.0" encoding="UTF-8"?>
<!-- Generated by org.testng.reporters.JUnitReportReporter -->
<testsuite hostname="LAPTOP-F71TJG8P" failures="0" tests="1" name="Tests.LoginTest" time="11.253" errors="0" timestamp="2022-09-01T16:30:49 IST" skipped="0">
  <testcase classname="Tests.LoginTest" name="loginTest" time="11.253"/>
  <system-out/>
</testsuite> <!-- Tests.LoginTest -->
