<?xml version="1.0" encoding="UTF-8"?>
<!-- Generated by org.testng.reporters.JUnitReportReporter -->
<testsuite hostname="LAPTOP-F71TJG8P" failures="0" tests="1" name="Tests.TwoTest" time="0.000" errors="0" timestamp="2022-08-24T17:05:43 IST" skipped="0">
  <testcase classname="Tests.TwoTest" name="testTwo" time="0.000"/>
  <system-out/>
</testsuite> <!-- Tests.TwoTest -->
