<?xml version="1.0" encoding="UTF-8"?>
<!-- Generated by org.testng.reporters.JUnitReportReporter -->
<testsuite hostname="LAPTOP-F71TJG8P" failures="0" tests="2" name="Tests.LoginTest" time="14.245" errors="0" timestamp="2022-08-24T17:05:43 IST" skipped="0">
  <testcase classname="Tests.LoginTest" name="loginTest" time="6.366"/>
  <system-out/>
  <testcase classname="Tests.LoginTest" name="loginTest" time="7.879"/>
  <system-out/>
</testsuite> <!-- Tests.LoginTest -->
